Determining if the include file malloc/malloc.h exists failed with the following output:
Change Dir: /home/growtopiajaw/Desktop/apple-libtapi-master/build/CMakeFiles/CMakeTmp

Run Build Command(s):/usr/bin/make cmTC_476c8/fast && /usr/bin/make -f CMakeFiles/cmTC_476c8.dir/build.make CMakeFiles/cmTC_476c8.dir/build
make[1]: Entering directory '/home/growtopiajaw/Desktop/apple-libtapi-master/build/CMakeFiles/CMakeTmp'
Building C object CMakeFiles/cmTC_476c8.dir/CheckIncludeFile.c.o
/usr/bin/cc    -o CMakeFiles/cmTC_476c8.dir/CheckIncludeFile.c.o   -c /home/growtopiajaw/Desktop/apple-libtapi-master/build/CMakeFiles/CMakeTmp/CheckIncludeFile.c
/home/growtopiajaw/Desktop/apple-libtapi-master/build/CMakeFiles/CMakeTmp/CheckIncludeFile.c:1:10: fatal error: malloc/malloc.h: No such file or directory
    1 | #include <malloc/malloc.h>
      |          ^~~~~~~~~~~~~~~~~
compilation terminated.
make[1]: *** [CMakeFiles/cmTC_476c8.dir/build.make:66: CMakeFiles/cmTC_476c8.dir/CheckIncludeFile.c.o] Error 1
make[1]: Leaving directory '/home/growtopiajaw/Desktop/apple-libtapi-master/build/CMakeFiles/CMakeTmp'
make: *** [Makefile:121: cmTC_476c8/fast] Error 2



Determining if the include file valgrind/valgrind.h exists failed with the following output:
Change Dir: /home/growtopiajaw/Desktop/apple-libtapi-master/build/CMakeFiles/CMakeTmp

Run Build Command(s):/usr/bin/make cmTC_d0473/fast && /usr/bin/make -f CMakeFiles/cmTC_d0473.dir/build.make CMakeFiles/cmTC_d0473.dir/build
make[1]: Entering directory '/home/growtopiajaw/Desktop/apple-libtapi-master/build/CMakeFiles/CMakeTmp'
Building C object CMakeFiles/cmTC_d0473.dir/CheckIncludeFile.c.o
/usr/bin/cc    -o CMakeFiles/cmTC_d0473.dir/CheckIncludeFile.c.o   -c /home/growtopiajaw/Desktop/apple-libtapi-master/build/CMakeFiles/CMakeTmp/CheckIncludeFile.c
/home/growtopiajaw/Desktop/apple-libtapi-master/build/CMakeFiles/CMakeTmp/CheckIncludeFile.c:1:10: fatal error: valgrind/valgrind.h: No such file or directory
    1 | #include <valgrind/valgrind.h>
      |          ^~~~~~~~~~~~~~~~~~~~~
compilation terminated.
make[1]: *** [CMakeFiles/cmTC_d0473.dir/build.make:66: CMakeFiles/cmTC_d0473.dir/CheckIncludeFile.c.o] Error 1
make[1]: Leaving directory '/home/growtopiajaw/Desktop/apple-libtapi-master/build/CMakeFiles/CMakeTmp'
make: *** [Makefile:121: cmTC_d0473/fast] Error 2



Determining if the include file mach/mach.h exists failed with the following output:
Change Dir: /home/growtopiajaw/Desktop/apple-libtapi-master/build/CMakeFiles/CMakeTmp

Run Build Command(s):/usr/bin/make cmTC_9bace/fast && /usr/bin/make -f CMakeFiles/cmTC_9bace.dir/build.make CMakeFiles/cmTC_9bace.dir/build
make[1]: Entering directory '/home/growtopiajaw/Desktop/apple-libtapi-master/build/CMakeFiles/CMakeTmp'
Building C object CMakeFiles/cmTC_9bace.dir/CheckIncludeFile.c.o
/usr/bin/cc    -o CMakeFiles/cmTC_9bace.dir/CheckIncludeFile.c.o   -c /home/growtopiajaw/Desktop/apple-libtapi-master/build/CMakeFiles/CMakeTmp/CheckIncludeFile.c
/home/growtopiajaw/Desktop/apple-libtapi-master/build/CMakeFiles/CMakeTmp/CheckIncludeFile.c:1:10: fatal error: mach/mach.h: No such file or directory
    1 | #include <mach/mach.h>
      |          ^~~~~~~~~~~~~
compilation terminated.
make[1]: *** [CMakeFiles/cmTC_9bace.dir/build.make:66: CMakeFiles/cmTC_9bace.dir/CheckIncludeFile.c.o] Error 1
make[1]: Leaving directory '/home/growtopiajaw/Desktop/apple-libtapi-master/build/CMakeFiles/CMakeTmp'
make: *** [Makefile:121: cmTC_9bace/fast] Error 2



Determining if the include file histedit.h exists failed with the following output:
Change Dir: /home/growtopiajaw/Desktop/apple-libtapi-master/build/CMakeFiles/CMakeTmp

Run Build Command(s):/usr/bin/make cmTC_0d125/fast && /usr/bin/make -f CMakeFiles/cmTC_0d125.dir/build.make CMakeFiles/cmTC_0d125.dir/build
make[1]: Entering directory '/home/growtopiajaw/Desktop/apple-libtapi-master/build/CMakeFiles/CMakeTmp'
Building C object CMakeFiles/cmTC_0d125.dir/CheckIncludeFile.c.o
/usr/bin/cc    -o CMakeFiles/cmTC_0d125.dir/CheckIncludeFile.c.o   -c /home/growtopiajaw/Desktop/apple-libtapi-master/build/CMakeFiles/CMakeTmp/CheckIncludeFile.c
/home/growtopiajaw/Desktop/apple-libtapi-master/build/CMakeFiles/CMakeTmp/CheckIncludeFile.c:1:10: fatal error: histedit.h: No such file or directory
    1 | #include <histedit.h>
      |          ^~~~~~~~~~~~
compilation terminated.
make[1]: *** [CMakeFiles/cmTC_0d125.dir/build.make:66: CMakeFiles/cmTC_0d125.dir/CheckIncludeFile.c.o] Error 1
make[1]: Leaving directory '/home/growtopiajaw/Desktop/apple-libtapi-master/build/CMakeFiles/CMakeTmp'
make: *** [Makefile:121: cmTC_0d125/fast] Error 2



Determining if the include file CrashReporterClient.h exists failed with the following output:
Change Dir: /home/growtopiajaw/Desktop/apple-libtapi-master/build/CMakeFiles/CMakeTmp

Run Build Command(s):/usr/bin/make cmTC_6acb2/fast && /usr/bin/make -f CMakeFiles/cmTC_6acb2.dir/build.make CMakeFiles/cmTC_6acb2.dir/build
make[1]: Entering directory '/home/growtopiajaw/Desktop/apple-libtapi-master/build/CMakeFiles/CMakeTmp'
Building C object CMakeFiles/cmTC_6acb2.dir/CheckIncludeFile.c.o
/usr/bin/cc    -o CMakeFiles/cmTC_6acb2.dir/CheckIncludeFile.c.o   -c /home/growtopiajaw/Desktop/apple-libtapi-master/build/CMakeFiles/CMakeTmp/CheckIncludeFile.c
/home/growtopiajaw/Desktop/apple-libtapi-master/build/CMakeFiles/CMakeTmp/CheckIncludeFile.c:1:10: fatal error: CrashReporterClient.h: No such file or directory
    1 | #include <CrashReporterClient.h>
      |          ^~~~~~~~~~~~~~~~~~~~~~~
compilation terminated.
make[1]: *** [CMakeFiles/cmTC_6acb2.dir/build.make:66: CMakeFiles/cmTC_6acb2.dir/CheckIncludeFile.c.o] Error 1
make[1]: Leaving directory '/home/growtopiajaw/Desktop/apple-libtapi-master/build/CMakeFiles/CMakeTmp'
make: *** [Makefile:121: cmTC_6acb2/fast] Error 2



Determining if the function pfm_initialize exists in the pfm failed with the following output:
Change Dir: /home/growtopiajaw/Desktop/apple-libtapi-master/build/CMakeFiles/CMakeTmp

Run Build Command(s):/usr/bin/make cmTC_39c58/fast && /usr/bin/make -f CMakeFiles/cmTC_39c58.dir/build.make CMakeFiles/cmTC_39c58.dir/build
make[1]: Entering directory '/home/growtopiajaw/Desktop/apple-libtapi-master/build/CMakeFiles/CMakeTmp'
Building C object CMakeFiles/cmTC_39c58.dir/CheckFunctionExists.c.o
/usr/bin/cc   -DCHECK_FUNCTION_EXISTS=pfm_initialize   -o CMakeFiles/cmTC_39c58.dir/CheckFunctionExists.c.o   -c /usr/share/cmake-3.16/Modules/CheckFunctionExists.c
Linking C executable cmTC_39c58
/usr/bin/cmake -E cmake_link_script CMakeFiles/cmTC_39c58.dir/link.txt --verbose=1
/usr/bin/cc  -DCHECK_FUNCTION_EXISTS=pfm_initialize    CMakeFiles/cmTC_39c58.dir/CheckFunctionExists.c.o  -o cmTC_39c58  -lpfm -lm 
/usr/bin/ld: cannot find -lpfm
collect2: error: ld returned 1 exit status
make[1]: *** [CMakeFiles/cmTC_39c58.dir/build.make:87: cmTC_39c58] Error 1
make[1]: Leaving directory '/home/growtopiajaw/Desktop/apple-libtapi-master/build/CMakeFiles/CMakeTmp'
make: *** [Makefile:121: cmTC_39c58/fast] Error 2



Performing C SOURCE FILE Test CMAKE_HAVE_LIBC_PTHREAD failed with the following output:
Change Dir: /home/growtopiajaw/Desktop/apple-libtapi-master/build/CMakeFiles/CMakeTmp

Run Build Command(s):/usr/bin/make cmTC_51bf4/fast && /usr/bin/make -f CMakeFiles/cmTC_51bf4.dir/build.make CMakeFiles/cmTC_51bf4.dir/build
make[1]: Entering directory '/home/growtopiajaw/Desktop/apple-libtapi-master/build/CMakeFiles/CMakeTmp'
Building C object CMakeFiles/cmTC_51bf4.dir/src.c.o
/usr/bin/cc   -DCMAKE_HAVE_LIBC_PTHREAD   -o CMakeFiles/cmTC_51bf4.dir/src.c.o   -c /home/growtopiajaw/Desktop/apple-libtapi-master/build/CMakeFiles/CMakeTmp/src.c
Linking C executable cmTC_51bf4
/usr/bin/cmake -E cmake_link_script CMakeFiles/cmTC_51bf4.dir/link.txt --verbose=1
/usr/bin/cc  -DCMAKE_HAVE_LIBC_PTHREAD    CMakeFiles/cmTC_51bf4.dir/src.c.o  -o cmTC_51bf4  -lm 
/usr/bin/ld: CMakeFiles/cmTC_51bf4.dir/src.c.o: in function `main':
src.c:(.text+0x46): undefined reference to `pthread_create'
/usr/bin/ld: src.c:(.text+0x52): undefined reference to `pthread_detach'
/usr/bin/ld: src.c:(.text+0x63): undefined reference to `pthread_join'
collect2: error: ld returned 1 exit status
make[1]: *** [CMakeFiles/cmTC_51bf4.dir/build.make:87: cmTC_51bf4] Error 1
make[1]: Leaving directory '/home/growtopiajaw/Desktop/apple-libtapi-master/build/CMakeFiles/CMakeTmp'
make: *** [Makefile:121: cmTC_51bf4/fast] Error 2


Source file was:
#include <pthread.h>

void* test_func(void* data)
{
  return data;
}

int main(void)
{
  pthread_t thread;
  pthread_create(&thread, NULL, test_func, NULL);
  pthread_detach(thread);
  pthread_join(thread, NULL);
  pthread_atfork(NULL, NULL, NULL);
  pthread_exit(NULL);

  return 0;
}

Determining if the function pthread_create exists in the pthreads failed with the following output:
Change Dir: /home/growtopiajaw/Desktop/apple-libtapi-master/build/CMakeFiles/CMakeTmp

Run Build Command(s):/usr/bin/make cmTC_d71ef/fast && /usr/bin/make -f CMakeFiles/cmTC_d71ef.dir/build.make CMakeFiles/cmTC_d71ef.dir/build
make[1]: Entering directory '/home/growtopiajaw/Desktop/apple-libtapi-master/build/CMakeFiles/CMakeTmp'
Building C object CMakeFiles/cmTC_d71ef.dir/CheckFunctionExists.c.o
/usr/bin/cc   -DCHECK_FUNCTION_EXISTS=pthread_create   -o CMakeFiles/cmTC_d71ef.dir/CheckFunctionExists.c.o   -c /usr/share/cmake-3.16/Modules/CheckFunctionExists.c
Linking C executable cmTC_d71ef
/usr/bin/cmake -E cmake_link_script CMakeFiles/cmTC_d71ef.dir/link.txt --verbose=1
/usr/bin/cc  -DCHECK_FUNCTION_EXISTS=pthread_create    CMakeFiles/cmTC_d71ef.dir/CheckFunctionExists.c.o  -o cmTC_d71ef  -lpthreads -lm 
/usr/bin/ld: cannot find -lpthreads
collect2: error: ld returned 1 exit status
make[1]: *** [CMakeFiles/cmTC_d71ef.dir/build.make:87: cmTC_d71ef] Error 1
make[1]: Leaving directory '/home/growtopiajaw/Desktop/apple-libtapi-master/build/CMakeFiles/CMakeTmp'
make: *** [Makefile:121: cmTC_d71ef/fast] Error 2



Determining if the function setupterm exists in the terminfo failed with the following output:
Change Dir: /home/growtopiajaw/Desktop/apple-libtapi-master/build/CMakeFiles/CMakeTmp

Run Build Command(s):/usr/bin/make cmTC_eca6a/fast && /usr/bin/make -f CMakeFiles/cmTC_eca6a.dir/build.make CMakeFiles/cmTC_eca6a.dir/build
make[1]: Entering directory '/home/growtopiajaw/Desktop/apple-libtapi-master/build/CMakeFiles/CMakeTmp'
Building C object CMakeFiles/cmTC_eca6a.dir/CheckFunctionExists.c.o
/usr/bin/cc   -DCHECK_FUNCTION_EXISTS=setupterm   -o CMakeFiles/cmTC_eca6a.dir/CheckFunctionExists.c.o   -c /usr/share/cmake-3.16/Modules/CheckFunctionExists.c
Linking C executable cmTC_eca6a
/usr/bin/cmake -E cmake_link_script CMakeFiles/cmTC_eca6a.dir/link.txt --verbose=1
/usr/bin/cc  -DCHECK_FUNCTION_EXISTS=setupterm    CMakeFiles/cmTC_eca6a.dir/CheckFunctionExists.c.o  -o cmTC_eca6a  -lterminfo -lm 
/usr/bin/ld: cannot find -lterminfo
collect2: error: ld returned 1 exit status
make[1]: *** [CMakeFiles/cmTC_eca6a.dir/build.make:87: cmTC_eca6a] Error 1
make[1]: Leaving directory '/home/growtopiajaw/Desktop/apple-libtapi-master/build/CMakeFiles/CMakeTmp'
make: *** [Makefile:121: cmTC_eca6a/fast] Error 2



Determining if the function xar_open exists in the xar failed with the following output:
Change Dir: /home/growtopiajaw/Desktop/apple-libtapi-master/build/CMakeFiles/CMakeTmp

Run Build Command(s):/usr/bin/make cmTC_a7c58/fast && /usr/bin/make -f CMakeFiles/cmTC_a7c58.dir/build.make CMakeFiles/cmTC_a7c58.dir/build
make[1]: Entering directory '/home/growtopiajaw/Desktop/apple-libtapi-master/build/CMakeFiles/CMakeTmp'
Building C object CMakeFiles/cmTC_a7c58.dir/CheckFunctionExists.c.o
/usr/bin/cc   -DCHECK_FUNCTION_EXISTS=xar_open   -o CMakeFiles/cmTC_a7c58.dir/CheckFunctionExists.c.o   -c /usr/share/cmake-3.16/Modules/CheckFunctionExists.c
Linking C executable cmTC_a7c58
/usr/bin/cmake -E cmake_link_script CMakeFiles/cmTC_a7c58.dir/link.txt --verbose=1
/usr/bin/cc  -DCHECK_FUNCTION_EXISTS=xar_open    CMakeFiles/cmTC_a7c58.dir/CheckFunctionExists.c.o  -o cmTC_a7c58  -lxar -lm 
/usr/bin/ld: cannot find -lxar
collect2: error: ld returned 1 exit status
make[1]: *** [CMakeFiles/cmTC_a7c58.dir/build.make:87: cmTC_a7c58] Error 1
make[1]: Leaving directory '/home/growtopiajaw/Desktop/apple-libtapi-master/build/CMakeFiles/CMakeTmp'
make: *** [Makefile:121: cmTC_a7c58/fast] Error 2



Determining if the arc4random exist failed with the following output:
Change Dir: /home/growtopiajaw/Desktop/apple-libtapi-master/build/CMakeFiles/CMakeTmp

Run Build Command(s):/usr/bin/make cmTC_10232/fast && /usr/bin/make -f CMakeFiles/cmTC_10232.dir/build.make CMakeFiles/cmTC_10232.dir/build
make[1]: Entering directory '/home/growtopiajaw/Desktop/apple-libtapi-master/build/CMakeFiles/CMakeTmp'
Building C object CMakeFiles/cmTC_10232.dir/CheckSymbolExists.c.o
/usr/bin/cc    -o CMakeFiles/cmTC_10232.dir/CheckSymbolExists.c.o   -c /home/growtopiajaw/Desktop/apple-libtapi-master/build/CMakeFiles/CMakeTmp/CheckSymbolExists.c
/home/growtopiajaw/Desktop/apple-libtapi-master/build/CMakeFiles/CMakeTmp/CheckSymbolExists.c: In function ‘main’:
/home/growtopiajaw/Desktop/apple-libtapi-master/build/CMakeFiles/CMakeTmp/CheckSymbolExists.c:8:19: error: ‘arc4random’ undeclared (first use in this function); did you mean ‘srandom’?
    8 |   return ((int*)(&arc4random))[argc];
      |                   ^~~~~~~~~~
      |                   srandom
/home/growtopiajaw/Desktop/apple-libtapi-master/build/CMakeFiles/CMakeTmp/CheckSymbolExists.c:8:19: note: each undeclared identifier is reported only once for each function it appears in
make[1]: *** [CMakeFiles/cmTC_10232.dir/build.make:66: CMakeFiles/cmTC_10232.dir/CheckSymbolExists.c.o] Error 1
make[1]: Leaving directory '/home/growtopiajaw/Desktop/apple-libtapi-master/build/CMakeFiles/CMakeTmp'
make: *** [Makefile:121: cmTC_10232/fast] Error 2


File /home/growtopiajaw/Desktop/apple-libtapi-master/build/CMakeFiles/CMakeTmp/CheckSymbolExists.c:
/* */
#include <stdlib.h>

int main(int argc, char** argv)
{
  (void)argv;
#ifndef arc4random
  return ((int*)(&arc4random))[argc];
#else
  (void)argc;
  return 0;
#endif
}
Performing C SOURCE FILE Test C_SUPPORTS_WERROR_UNGUARDED_AVAILABILITY_NEW failed with the following output:
Change Dir: /home/growtopiajaw/Desktop/apple-libtapi-master/build/CMakeFiles/CMakeTmp

Run Build Command(s):/usr/bin/make cmTC_e8716/fast && /usr/bin/make -f CMakeFiles/cmTC_e8716.dir/build.make CMakeFiles/cmTC_e8716.dir/build
make[1]: Entering directory '/home/growtopiajaw/Desktop/apple-libtapi-master/build/CMakeFiles/CMakeTmp'
Building C object CMakeFiles/cmTC_e8716.dir/src.c.o
/usr/bin/cc   -DC_SUPPORTS_WERROR_UNGUARDED_AVAILABILITY_NEW   -Werror=unguarded-availability-new -o CMakeFiles/cmTC_e8716.dir/src.c.o   -c /home/growtopiajaw/Desktop/apple-libtapi-master/build/CMakeFiles/CMakeTmp/src.c
cc1: error: '-Werror=unguarded-availability-new': no option -Wunguarded-availability-new
make[1]: *** [CMakeFiles/cmTC_e8716.dir/build.make:66: CMakeFiles/cmTC_e8716.dir/src.c.o] Error 1
make[1]: Leaving directory '/home/growtopiajaw/Desktop/apple-libtapi-master/build/CMakeFiles/CMakeTmp'
make: *** [Makefile:121: cmTC_e8716/fast] Error 2


Source file was:
int main(void) { return 0; }
Determining if the mallctl exist failed with the following output:
Change Dir: /home/growtopiajaw/Desktop/apple-libtapi-master/build/CMakeFiles/CMakeTmp

Run Build Command(s):/usr/bin/make cmTC_f6e74/fast && /usr/bin/make -f CMakeFiles/cmTC_f6e74.dir/build.make CMakeFiles/cmTC_f6e74.dir/build
make[1]: Entering directory '/home/growtopiajaw/Desktop/apple-libtapi-master/build/CMakeFiles/CMakeTmp'
Building C object CMakeFiles/cmTC_f6e74.dir/CheckSymbolExists.c.o
/usr/bin/cc    -o CMakeFiles/cmTC_f6e74.dir/CheckSymbolExists.c.o   -c /home/growtopiajaw/Desktop/apple-libtapi-master/build/CMakeFiles/CMakeTmp/CheckSymbolExists.c
/home/growtopiajaw/Desktop/apple-libtapi-master/build/CMakeFiles/CMakeTmp/CheckSymbolExists.c:2:10: fatal error: malloc_np.h: No such file or directory
    2 | #include <malloc_np.h>
      |          ^~~~~~~~~~~~~
compilation terminated.
make[1]: *** [CMakeFiles/cmTC_f6e74.dir/build.make:66: CMakeFiles/cmTC_f6e74.dir/CheckSymbolExists.c.o] Error 1
make[1]: Leaving directory '/home/growtopiajaw/Desktop/apple-libtapi-master/build/CMakeFiles/CMakeTmp'
make: *** [Makefile:121: cmTC_f6e74/fast] Error 2


File /home/growtopiajaw/Desktop/apple-libtapi-master/build/CMakeFiles/CMakeTmp/CheckSymbolExists.c:
/* */
#include <malloc_np.h>

int main(int argc, char** argv)
{
  (void)argv;
#ifndef mallctl
  return ((int*)(&mallctl))[argc];
#else
  (void)argc;
  return 0;
#endif
}
Determining if the malloc_zone_statistics exist failed with the following output:
Change Dir: /home/growtopiajaw/Desktop/apple-libtapi-master/build/CMakeFiles/CMakeTmp

Run Build Command(s):/usr/bin/make cmTC_3d7b1/fast && /usr/bin/make -f CMakeFiles/cmTC_3d7b1.dir/build.make CMakeFiles/cmTC_3d7b1.dir/build
make[1]: Entering directory '/home/growtopiajaw/Desktop/apple-libtapi-master/build/CMakeFiles/CMakeTmp'
Building C object CMakeFiles/cmTC_3d7b1.dir/CheckSymbolExists.c.o
/usr/bin/cc    -o CMakeFiles/cmTC_3d7b1.dir/CheckSymbolExists.c.o   -c /home/growtopiajaw/Desktop/apple-libtapi-master/build/CMakeFiles/CMakeTmp/CheckSymbolExists.c
/home/growtopiajaw/Desktop/apple-libtapi-master/build/CMakeFiles/CMakeTmp/CheckSymbolExists.c:2:10: fatal error: malloc/malloc.h: No such file or directory
    2 | #include <malloc/malloc.h>
      |          ^~~~~~~~~~~~~~~~~
compilation terminated.
make[1]: *** [CMakeFiles/cmTC_3d7b1.dir/build.make:66: CMakeFiles/cmTC_3d7b1.dir/CheckSymbolExists.c.o] Error 1
make[1]: Leaving directory '/home/growtopiajaw/Desktop/apple-libtapi-master/build/CMakeFiles/CMakeTmp'
make: *** [Makefile:121: cmTC_3d7b1/fast] Error 2


File /home/growtopiajaw/Desktop/apple-libtapi-master/build/CMakeFiles/CMakeTmp/CheckSymbolExists.c:
/* */
#include <malloc/malloc.h>

int main(int argc, char** argv)
{
  (void)argv;
#ifndef malloc_zone_statistics
  return ((int*)(&malloc_zone_statistics))[argc];
#else
  (void)argc;
  return 0;
#endif
}
Determining if the strerror_s exist failed with the following output:
Change Dir: /home/growtopiajaw/Desktop/apple-libtapi-master/build/CMakeFiles/CMakeTmp

Run Build Command(s):/usr/bin/make cmTC_da80d/fast && /usr/bin/make -f CMakeFiles/cmTC_da80d.dir/build.make CMakeFiles/cmTC_da80d.dir/build
make[1]: Entering directory '/home/growtopiajaw/Desktop/apple-libtapi-master/build/CMakeFiles/CMakeTmp'
Building C object CMakeFiles/cmTC_da80d.dir/CheckSymbolExists.c.o
/usr/bin/cc    -o CMakeFiles/cmTC_da80d.dir/CheckSymbolExists.c.o   -c /home/growtopiajaw/Desktop/apple-libtapi-master/build/CMakeFiles/CMakeTmp/CheckSymbolExists.c
/home/growtopiajaw/Desktop/apple-libtapi-master/build/CMakeFiles/CMakeTmp/CheckSymbolExists.c: In function ‘main’:
/home/growtopiajaw/Desktop/apple-libtapi-master/build/CMakeFiles/CMakeTmp/CheckSymbolExists.c:8:19: error: ‘strerror_s’ undeclared (first use in this function); did you mean ‘strerror_l’?
    8 |   return ((int*)(&strerror_s))[argc];
      |                   ^~~~~~~~~~
      |                   strerror_l
/home/growtopiajaw/Desktop/apple-libtapi-master/build/CMakeFiles/CMakeTmp/CheckSymbolExists.c:8:19: note: each undeclared identifier is reported only once for each function it appears in
make[1]: *** [CMakeFiles/cmTC_da80d.dir/build.make:66: CMakeFiles/cmTC_da80d.dir/CheckSymbolExists.c.o] Error 1
make[1]: Leaving directory '/home/growtopiajaw/Desktop/apple-libtapi-master/build/CMakeFiles/CMakeTmp'
make: *** [Makefile:121: cmTC_da80d/fast] Error 2


File /home/growtopiajaw/Desktop/apple-libtapi-master/build/CMakeFiles/CMakeTmp/CheckSymbolExists.c:
/* */
#include <string.h>

int main(int argc, char** argv)
{
  (void)argv;
#ifndef strerror_s
  return ((int*)(&strerror_s))[argc];
#else
  (void)argc;
  return 0;
#endif
}
Determining if the dladdr exist failed with the following output:
Change Dir: /home/growtopiajaw/Desktop/apple-libtapi-master/build/CMakeFiles/CMakeTmp

Run Build Command(s):/usr/bin/make cmTC_2e352/fast && /usr/bin/make -f CMakeFiles/cmTC_2e352.dir/build.make CMakeFiles/cmTC_2e352.dir/build
make[1]: Entering directory '/home/growtopiajaw/Desktop/apple-libtapi-master/build/CMakeFiles/CMakeTmp'
Building C object CMakeFiles/cmTC_2e352.dir/CheckSymbolExists.c.o
/usr/bin/cc    -o CMakeFiles/cmTC_2e352.dir/CheckSymbolExists.c.o   -c /home/growtopiajaw/Desktop/apple-libtapi-master/build/CMakeFiles/CMakeTmp/CheckSymbolExists.c
/home/growtopiajaw/Desktop/apple-libtapi-master/build/CMakeFiles/CMakeTmp/CheckSymbolExists.c: In function ‘main’:
/home/growtopiajaw/Desktop/apple-libtapi-master/build/CMakeFiles/CMakeTmp/CheckSymbolExists.c:8:19: error: ‘dladdr’ undeclared (first use in this function)
    8 |   return ((int*)(&dladdr))[argc];
      |                   ^~~~~~
/home/growtopiajaw/Desktop/apple-libtapi-master/build/CMakeFiles/CMakeTmp/CheckSymbolExists.c:8:19: note: each undeclared identifier is reported only once for each function it appears in
make[1]: *** [CMakeFiles/cmTC_2e352.dir/build.make:66: CMakeFiles/cmTC_2e352.dir/CheckSymbolExists.c.o] Error 1
make[1]: Leaving directory '/home/growtopiajaw/Desktop/apple-libtapi-master/build/CMakeFiles/CMakeTmp'
make: *** [Makefile:121: cmTC_2e352/fast] Error 2


File /home/growtopiajaw/Desktop/apple-libtapi-master/build/CMakeFiles/CMakeTmp/CheckSymbolExists.c:
/* */
#include <dlfcn.h>

int main(int argc, char** argv)
{
  (void)argv;
#ifndef dladdr
  return ((int*)(&dladdr))[argc];
#else
  (void)argc;
  return 0;
#endif
}
Performing C SOURCE FILE Test HAVE_STRUCT_STAT_ST_MTIMESPEC_TV_NSEC failed with the following output:
Change Dir: /home/growtopiajaw/Desktop/apple-libtapi-master/build/CMakeFiles/CMakeTmp

Run Build Command(s):/usr/bin/make cmTC_324ab/fast && /usr/bin/make -f CMakeFiles/cmTC_324ab.dir/build.make CMakeFiles/cmTC_324ab.dir/build
make[1]: Entering directory '/home/growtopiajaw/Desktop/apple-libtapi-master/build/CMakeFiles/CMakeTmp'
Building C object CMakeFiles/cmTC_324ab.dir/src.c.o
/usr/bin/cc   -DHAVE_STRUCT_STAT_ST_MTIMESPEC_TV_NSEC   -o CMakeFiles/cmTC_324ab.dir/src.c.o   -c /home/growtopiajaw/Desktop/apple-libtapi-master/build/CMakeFiles/CMakeTmp/src.c
/home/growtopiajaw/Desktop/apple-libtapi-master/build/CMakeFiles/CMakeTmp/src.c: In function ‘main’:
/home/growtopiajaw/Desktop/apple-libtapi-master/build/CMakeFiles/CMakeTmp/src.c:7:34: error: ‘struct stat’ has no member named ‘st_mtimespec’
    7 |   (void)sizeof(((struct stat *)0)->st_mtimespec.tv_nsec);
      |                                  ^~
make[1]: *** [CMakeFiles/cmTC_324ab.dir/build.make:66: CMakeFiles/cmTC_324ab.dir/src.c.o] Error 1
make[1]: Leaving directory '/home/growtopiajaw/Desktop/apple-libtapi-master/build/CMakeFiles/CMakeTmp'
make: *** [Makefile:121: cmTC_324ab/fast] Error 2


Source file was:

#include <sys/types.h>
#include <sys/stat.h>

int main()
{
  (void)sizeof(((struct stat *)0)->st_mtimespec.tv_nsec);
  return 0;
}

Performing C++ SOURCE FILE Test SUPPORTS_GNU_ZERO_VARIADIC_MACRO_ARGUMENTS_FLAG failed with the following output:
Change Dir: /home/growtopiajaw/Desktop/apple-libtapi-master/build/CMakeFiles/CMakeTmp

Run Build Command(s):/usr/bin/make cmTC_04665/fast && /usr/bin/make -f CMakeFiles/cmTC_04665.dir/build.make CMakeFiles/cmTC_04665.dir/build
make[1]: Entering directory '/home/growtopiajaw/Desktop/apple-libtapi-master/build/CMakeFiles/CMakeTmp'
Building CXX object CMakeFiles/cmTC_04665.dir/src.cxx.o
/usr/bin/c++    -I /home/growtopiajaw/Desktop/apple-libtapi-master/build/../src/llvm/projects/clang/include -I /home/growtopiajaw/Desktop/apple-libtapi-master/build/projects/clang/include -DSUPPORTS_GNU_ZERO_VARIADIC_MACRO_ARGUMENTS_FLAG   -Wgnu-zero-variadic-macro-arguments -o CMakeFiles/cmTC_04665.dir/src.cxx.o -c /home/growtopiajaw/Desktop/apple-libtapi-master/build/CMakeFiles/CMakeTmp/src.cxx
c++: error: unrecognized command line option '-Wgnu-zero-variadic-macro-arguments'
make[1]: *** [CMakeFiles/cmTC_04665.dir/build.make:66: CMakeFiles/cmTC_04665.dir/src.cxx.o] Error 1
make[1]: Leaving directory '/home/growtopiajaw/Desktop/apple-libtapi-master/build/CMakeFiles/CMakeTmp'
make: *** [Makefile:121: cmTC_04665/fast] Error 2


Source file was:
int main() { return 0; }
Performing C++ SOURCE FILE Test CXX_SUPPORTS_WERROR_UNGUARDED_AVAILABILITY_NEW failed with the following output:
Change Dir: /home/growtopiajaw/Desktop/apple-libtapi-master/build/CMakeFiles/CMakeTmp

Run Build Command(s):/usr/bin/make cmTC_e10b8/fast && /usr/bin/make -f CMakeFiles/cmTC_e10b8.dir/build.make CMakeFiles/cmTC_e10b8.dir/build
make[1]: Entering directory '/home/growtopiajaw/Desktop/apple-libtapi-master/build/CMakeFiles/CMakeTmp'
Building CXX object CMakeFiles/cmTC_e10b8.dir/src.cxx.o
/usr/bin/c++    -I /home/growtopiajaw/Desktop/apple-libtapi-master/build/../src/llvm/projects/clang/include -I /home/growtopiajaw/Desktop/apple-libtapi-master/build/projects/clang/include -fPIC -fvisibility-inlines-hidden -Werror=date-time -DCXX_SUPPORTS_WERROR_UNGUARDED_AVAILABILITY_NEW   -Werror -Werror=unguarded-availability-new -o CMakeFiles/cmTC_e10b8.dir/src.cxx.o -c /home/growtopiajaw/Desktop/apple-libtapi-master/build/CMakeFiles/CMakeTmp/src.cxx
cc1plus: error: '-Werror=unguarded-availability-new': no option -Wunguarded-availability-new
make[1]: *** [CMakeFiles/cmTC_e10b8.dir/build.make:66: CMakeFiles/cmTC_e10b8.dir/src.cxx.o] Error 1
make[1]: Leaving directory '/home/growtopiajaw/Desktop/apple-libtapi-master/build/CMakeFiles/CMakeTmp'
make: *** [Makefile:121: cmTC_e10b8/fast] Error 2


Source file was:
int main() { return 0; }
Performing C SOURCE FILE Test C_SUPPORTS_COVERED_SWITCH_DEFAULT_FLAG failed with the following output:
Change Dir: /home/growtopiajaw/Desktop/apple-libtapi-master/build/CMakeFiles/CMakeTmp

Run Build Command(s):/usr/bin/make cmTC_b0cc1/fast && /usr/bin/make -f CMakeFiles/cmTC_b0cc1.dir/build.make CMakeFiles/cmTC_b0cc1.dir/build
make[1]: Entering directory '/home/growtopiajaw/Desktop/apple-libtapi-master/build/CMakeFiles/CMakeTmp'
Building C object CMakeFiles/cmTC_b0cc1.dir/src.c.o
/usr/bin/cc   -fPIC -Werror=date-time -Wall -Wextra -Wno-unused-parameter -Wwrite-strings -Wno-missing-field-initializers -pedantic -Wno-long-long -Wimplicit-fallthrough -DC_SUPPORTS_COVERED_SWITCH_DEFAULT_FLAG   -Werror -Wcovered-switch-default -o CMakeFiles/cmTC_b0cc1.dir/src.c.o   -c /home/growtopiajaw/Desktop/apple-libtapi-master/build/CMakeFiles/CMakeTmp/src.c
cc: error: unrecognized command line option '-Wcovered-switch-default'; did you mean '-Wno-switch-default'?
make[1]: *** [CMakeFiles/cmTC_b0cc1.dir/build.make:66: CMakeFiles/cmTC_b0cc1.dir/src.c.o] Error 1
make[1]: Leaving directory '/home/growtopiajaw/Desktop/apple-libtapi-master/build/CMakeFiles/CMakeTmp'
make: *** [Makefile:121: cmTC_b0cc1/fast] Error 2


Source file was:
int main(void) { return 0; }
Performing C++ SOURCE FILE Test CXX_SUPPORTS_COVERED_SWITCH_DEFAULT_FLAG failed with the following output:
Change Dir: /home/growtopiajaw/Desktop/apple-libtapi-master/build/CMakeFiles/CMakeTmp

Run Build Command(s):/usr/bin/make cmTC_16b3e/fast && /usr/bin/make -f CMakeFiles/cmTC_16b3e.dir/build.make CMakeFiles/cmTC_16b3e.dir/build
make[1]: Entering directory '/home/growtopiajaw/Desktop/apple-libtapi-master/build/CMakeFiles/CMakeTmp'
Building CXX object CMakeFiles/cmTC_16b3e.dir/src.cxx.o
/usr/bin/c++    -I /home/growtopiajaw/Desktop/apple-libtapi-master/build/../src/llvm/projects/clang/include -I /home/growtopiajaw/Desktop/apple-libtapi-master/build/projects/clang/include -fPIC -fvisibility-inlines-hidden -Werror=date-time -std=c++11 -Wall -Wextra -Wno-unused-parameter -Wwrite-strings -Wcast-qual -Wno-missing-field-initializers -pedantic -Wno-long-long -Wimplicit-fallthrough -DCXX_SUPPORTS_COVERED_SWITCH_DEFAULT_FLAG   -Werror -Wcovered-switch-default -o CMakeFiles/cmTC_16b3e.dir/src.cxx.o -c /home/growtopiajaw/Desktop/apple-libtapi-master/build/CMakeFiles/CMakeTmp/src.cxx
c++: error: unrecognized command line option '-Wcovered-switch-default'; did you mean '-Wno-switch-default'?
make[1]: *** [CMakeFiles/cmTC_16b3e.dir/build.make:66: CMakeFiles/cmTC_16b3e.dir/src.cxx.o] Error 1
make[1]: Leaving directory '/home/growtopiajaw/Desktop/apple-libtapi-master/build/CMakeFiles/CMakeTmp'
make: *** [Makefile:121: cmTC_16b3e/fast] Error 2


Source file was:
int main() { return 0; }
Performing C SOURCE FILE Test C_SUPPORTS_DELETE_NON_VIRTUAL_DTOR_FLAG failed with the following output:
Change Dir: /home/growtopiajaw/Desktop/apple-libtapi-master/build/CMakeFiles/CMakeTmp

Run Build Command(s):/usr/bin/make cmTC_0d14e/fast && /usr/bin/make -f CMakeFiles/cmTC_0d14e.dir/build.make CMakeFiles/cmTC_0d14e.dir/build
make[1]: Entering directory '/home/growtopiajaw/Desktop/apple-libtapi-master/build/CMakeFiles/CMakeTmp'
Building C object CMakeFiles/cmTC_0d14e.dir/src.c.o
/usr/bin/cc   -fPIC -Werror=date-time -Wall -Wextra -Wno-unused-parameter -Wwrite-strings -Wno-missing-field-initializers -pedantic -Wno-long-long -Wimplicit-fallthrough -DC_SUPPORTS_DELETE_NON_VIRTUAL_DTOR_FLAG   -Werror -Wdelete-non-virtual-dtor -o CMakeFiles/cmTC_0d14e.dir/src.c.o   -c /home/growtopiajaw/Desktop/apple-libtapi-master/build/CMakeFiles/CMakeTmp/src.c
cc1: error: command line option '-Wdelete-non-virtual-dtor' is valid for C++/ObjC++ but not for C [-Werror]
cc1: all warnings being treated as errors
make[1]: *** [CMakeFiles/cmTC_0d14e.dir/build.make:66: CMakeFiles/cmTC_0d14e.dir/src.c.o] Error 1
make[1]: Leaving directory '/home/growtopiajaw/Desktop/apple-libtapi-master/build/CMakeFiles/CMakeTmp'
make: *** [Makefile:121: cmTC_0d14e/fast] Error 2


Source file was:
int main(void) { return 0; }
Performing C SOURCE FILE Test C_WCOMMENT_ALLOWS_LINE_WRAP failed with the following output:
Change Dir: /home/growtopiajaw/Desktop/apple-libtapi-master/build/CMakeFiles/CMakeTmp

Run Build Command(s):/usr/bin/make cmTC_1c6c1/fast && /usr/bin/make -f CMakeFiles/cmTC_1c6c1.dir/build.make CMakeFiles/cmTC_1c6c1.dir/build
make[1]: Entering directory '/home/growtopiajaw/Desktop/apple-libtapi-master/build/CMakeFiles/CMakeTmp'
Building C object CMakeFiles/cmTC_1c6c1.dir/src.c.o
/usr/bin/cc -D_GNU_SOURCE  -fPIC -Werror=date-time -Wall -Wextra -Wno-unused-parameter -Wwrite-strings -Wno-missing-field-initializers -pedantic -Wno-long-long -Wimplicit-fallthrough -DC_WCOMMENT_ALLOWS_LINE_WRAP  -Werror -Wcomment   -o CMakeFiles/cmTC_1c6c1.dir/src.c.o   -c /home/growtopiajaw/Desktop/apple-libtapi-master/build/CMakeFiles/CMakeTmp/src.c
/home/growtopiajaw/Desktop/apple-libtapi-master/build/CMakeFiles/CMakeTmp/src.c:1:1: error: multi-line comment [-Werror=comment]
    1 | // \
      | ^
cc1: all warnings being treated as errors
make[1]: *** [CMakeFiles/cmTC_1c6c1.dir/build.make:66: CMakeFiles/cmTC_1c6c1.dir/src.c.o] Error 1
make[1]: Leaving directory '/home/growtopiajaw/Desktop/apple-libtapi-master/build/CMakeFiles/CMakeTmp'
make: *** [Makefile:121: cmTC_1c6c1/fast] Error 2


Source file was:
// \
//
int main() {return 0;}
Performing C SOURCE FILE Test C_SUPPORTS_STRING_CONVERSION_FLAG failed with the following output:
Change Dir: /home/growtopiajaw/Desktop/apple-libtapi-master/build/CMakeFiles/CMakeTmp

Run Build Command(s):/usr/bin/make cmTC_6b852/fast && /usr/bin/make -f CMakeFiles/cmTC_6b852.dir/build.make CMakeFiles/cmTC_6b852.dir/build
make[1]: Entering directory '/home/growtopiajaw/Desktop/apple-libtapi-master/build/CMakeFiles/CMakeTmp'
Building C object CMakeFiles/cmTC_6b852.dir/src.c.o
/usr/bin/cc   -fPIC -Werror=date-time -Wall -Wextra -Wno-unused-parameter -Wwrite-strings -Wno-missing-field-initializers -pedantic -Wno-long-long -Wimplicit-fallthrough -Wno-comment -DC_SUPPORTS_STRING_CONVERSION_FLAG   -Werror -Wstring-conversion -o CMakeFiles/cmTC_6b852.dir/src.c.o   -c /home/growtopiajaw/Desktop/apple-libtapi-master/build/CMakeFiles/CMakeTmp/src.c
cc: error: unrecognized command line option '-Wstring-conversion'; did you mean '-Wsign-conversion'?
make[1]: *** [CMakeFiles/cmTC_6b852.dir/build.make:66: CMakeFiles/cmTC_6b852.dir/src.c.o] Error 1
make[1]: Leaving directory '/home/growtopiajaw/Desktop/apple-libtapi-master/build/CMakeFiles/CMakeTmp'
make: *** [Makefile:121: cmTC_6b852/fast] Error 2


Source file was:
int main(void) { return 0; }
Performing C++ SOURCE FILE Test CXX_SUPPORTS_STRING_CONVERSION_FLAG failed with the following output:
Change Dir: /home/growtopiajaw/Desktop/apple-libtapi-master/build/CMakeFiles/CMakeTmp

Run Build Command(s):/usr/bin/make cmTC_da65f/fast && /usr/bin/make -f CMakeFiles/cmTC_da65f.dir/build.make CMakeFiles/cmTC_da65f.dir/build
make[1]: Entering directory '/home/growtopiajaw/Desktop/apple-libtapi-master/build/CMakeFiles/CMakeTmp'
Building CXX object CMakeFiles/cmTC_da65f.dir/src.cxx.o
/usr/bin/c++    -I /home/growtopiajaw/Desktop/apple-libtapi-master/build/../src/llvm/projects/clang/include -I /home/growtopiajaw/Desktop/apple-libtapi-master/build/projects/clang/include -fPIC -fvisibility-inlines-hidden -Werror=date-time -std=c++11 -Wall -Wextra -Wno-unused-parameter -Wwrite-strings -Wcast-qual -Wno-missing-field-initializers -pedantic -Wno-long-long -Wimplicit-fallthrough -Wno-maybe-uninitialized -Wno-class-memaccess -Wno-noexcept-type -Wdelete-non-virtual-dtor -Wno-comment -DCXX_SUPPORTS_STRING_CONVERSION_FLAG   -Werror -Wstring-conversion -o CMakeFiles/cmTC_da65f.dir/src.cxx.o -c /home/growtopiajaw/Desktop/apple-libtapi-master/build/CMakeFiles/CMakeTmp/src.cxx
c++: error: unrecognized command line option '-Wstring-conversion'; did you mean '-Wsign-conversion'?
make[1]: *** [CMakeFiles/cmTC_da65f.dir/build.make:66: CMakeFiles/cmTC_da65f.dir/src.cxx.o] Error 1
make[1]: Leaving directory '/home/growtopiajaw/Desktop/apple-libtapi-master/build/CMakeFiles/CMakeTmp'
make: *** [Makefile:121: cmTC_da65f/fast] Error 2


Source file was:
int main() { return 0; }
Performing C++ SOURCE FILE Test CXX_SUPPORTS_NO_NESTED_ANON_TYPES_FLAG failed with the following output:
Change Dir: /home/growtopiajaw/Desktop/apple-libtapi-master/build/CMakeFiles/CMakeTmp

Run Build Command(s):/usr/bin/make cmTC_a96d2/fast && /usr/bin/make -f CMakeFiles/cmTC_a96d2.dir/build.make CMakeFiles/cmTC_a96d2.dir/build
make[1]: Entering directory '/home/growtopiajaw/Desktop/apple-libtapi-master/build/CMakeFiles/CMakeTmp'
Building CXX object CMakeFiles/cmTC_a96d2.dir/src.cxx.o
/usr/bin/c++    -I /home/growtopiajaw/Desktop/apple-libtapi-master/build/../src/llvm/projects/clang/include -I /home/growtopiajaw/Desktop/apple-libtapi-master/build/projects/clang/include -fPIC -fvisibility-inlines-hidden -Werror=date-time -std=c++11 -Wall -Wextra -Wno-unused-parameter -Wwrite-strings -Wcast-qual -Wno-missing-field-initializers -pedantic -Wno-long-long -Wimplicit-fallthrough -Wno-maybe-uninitialized -Wno-class-memaccess -Wno-noexcept-type -Wdelete-non-virtual-dtor -Wno-comment -ffunction-sections -fdata-sections -fno-common -Woverloaded-virtual -fno-strict-aliasing -DCXX_SUPPORTS_NO_NESTED_ANON_TYPES_FLAG   -Werror -Wnested-anon-types -o CMakeFiles/cmTC_a96d2.dir/src.cxx.o -c /home/growtopiajaw/Desktop/apple-libtapi-master/build/CMakeFiles/CMakeTmp/src.cxx
c++: error: unrecognized command line option '-Wnested-anon-types'
make[1]: *** [CMakeFiles/cmTC_a96d2.dir/build.make:66: CMakeFiles/cmTC_a96d2.dir/src.cxx.o] Error 1
make[1]: Leaving directory '/home/growtopiajaw/Desktop/apple-libtapi-master/build/CMakeFiles/CMakeTmp'
make: *** [Makefile:121: cmTC_a96d2/fast] Error 2


Source file was:
int main() { return 0; }
Performing C++ SOURCE FILE Test LINKER_SUPPORTS_NO_INITS failed with the following output:
Change Dir: /home/growtopiajaw/Desktop/apple-libtapi-master/build/CMakeFiles/CMakeTmp

Run Build Command(s):/usr/bin/make cmTC_b86d5/fast && /usr/bin/make -f CMakeFiles/cmTC_b86d5.dir/build.make CMakeFiles/cmTC_b86d5.dir/build
make[1]: Entering directory '/home/growtopiajaw/Desktop/apple-libtapi-master/build/CMakeFiles/CMakeTmp'
Building CXX object CMakeFiles/cmTC_b86d5.dir/src.cxx.o
/usr/bin/c++    -I /home/growtopiajaw/Desktop/apple-libtapi-master/build/../src/llvm/projects/clang/include -I /home/growtopiajaw/Desktop/apple-libtapi-master/build/projects/clang/include -fPIC -fvisibility-inlines-hidden -Werror=date-time -std=c++11 -Wall -Wextra -Wno-unused-parameter -Wwrite-strings -Wcast-qual -Wno-missing-field-initializers -pedantic -Wno-long-long -Wimplicit-fallthrough -Wno-maybe-uninitialized -Wno-class-memaccess -Wno-noexcept-type -Wdelete-non-virtual-dtor -Wno-comment -ffunction-sections -fdata-sections -DLINKER_SUPPORTS_NO_INITS   -o CMakeFiles/cmTC_b86d5.dir/src.cxx.o -c /home/growtopiajaw/Desktop/apple-libtapi-master/build/CMakeFiles/CMakeTmp/src.cxx
Linking CXX executable cmTC_b86d5
/usr/bin/cmake -E cmake_link_script CMakeFiles/cmTC_b86d5.dir/link.txt --verbose=1
/usr/bin/c++  -I /home/growtopiajaw/Desktop/apple-libtapi-master/build/../src/llvm/projects/clang/include -I /home/growtopiajaw/Desktop/apple-libtapi-master/build/projects/clang/include -fPIC -fvisibility-inlines-hidden -Werror=date-time -std=c++11 -Wall -Wextra -Wno-unused-parameter -Wwrite-strings -Wcast-qual -Wno-missing-field-initializers -pedantic -Wno-long-long -Wimplicit-fallthrough -Wno-maybe-uninitialized -Wno-class-memaccess -Wno-noexcept-type -Wdelete-non-virtual-dtor -Wno-comment -ffunction-sections -fdata-sections -DLINKER_SUPPORTS_NO_INITS   -Wl,-allow-shlib-undefined -Wl,-no_inits  CMakeFiles/cmTC_b86d5.dir/src.cxx.o  -o cmTC_b86d5  -lm 
/usr/bin/ld: cannot find -lgcc_s
/usr/bin/ld: cannot find -lgcc_s
collect2: error: ld returned 1 exit status
make[1]: *** [CMakeFiles/cmTC_b86d5.dir/build.make:87: cmTC_b86d5] Error 1
make[1]: Leaving directory '/home/growtopiajaw/Desktop/apple-libtapi-master/build/CMakeFiles/CMakeTmp'
make: *** [Makefile:121: cmTC_b86d5/fast] Error 2


Source file was:
int main() { return 0; }
Performing C++ SOURCE FILE Test LINKER_SUPPORTS_IOSMAC failed with the following output:
Change Dir: /home/growtopiajaw/Desktop/apple-libtapi-master/build/CMakeFiles/CMakeTmp

Run Build Command(s):/usr/bin/make cmTC_e7e06/fast && /usr/bin/make -f CMakeFiles/cmTC_e7e06.dir/build.make CMakeFiles/cmTC_e7e06.dir/build
make[1]: Entering directory '/home/growtopiajaw/Desktop/apple-libtapi-master/build/CMakeFiles/CMakeTmp'
Building CXX object CMakeFiles/cmTC_e7e06.dir/src.cxx.o
/usr/bin/c++    -I /home/growtopiajaw/Desktop/apple-libtapi-master/build/../src/llvm/projects/clang/include -I /home/growtopiajaw/Desktop/apple-libtapi-master/build/projects/clang/include -fPIC -fvisibility-inlines-hidden -Werror=date-time -std=c++11 -Wall -Wextra -Wno-unused-parameter -Wwrite-strings -Wcast-qual -Wno-missing-field-initializers -pedantic -Wno-long-long -Wimplicit-fallthrough -Wno-maybe-uninitialized -Wno-class-memaccess -Wno-noexcept-type -Wdelete-non-virtual-dtor -Wno-comment -ffunction-sections -fdata-sections -DLINKER_SUPPORTS_IOSMAC   -o CMakeFiles/cmTC_e7e06.dir/src.cxx.o -c /home/growtopiajaw/Desktop/apple-libtapi-master/build/CMakeFiles/CMakeTmp/src.cxx
Linking CXX executable cmTC_e7e06
/usr/bin/cmake -E cmake_link_script CMakeFiles/cmTC_e7e06.dir/link.txt --verbose=1
/usr/bin/c++  -I /home/growtopiajaw/Desktop/apple-libtapi-master/build/../src/llvm/projects/clang/include -I /home/growtopiajaw/Desktop/apple-libtapi-master/build/projects/clang/include -fPIC -fvisibility-inlines-hidden -Werror=date-time -std=c++11 -Wall -Wextra -Wno-unused-parameter -Wwrite-strings -Wcast-qual -Wno-missing-field-initializers -pedantic -Wno-long-long -Wimplicit-fallthrough -Wno-maybe-uninitialized -Wno-class-memaccess -Wno-noexcept-type -Wdelete-non-virtual-dtor -Wno-comment -ffunction-sections -fdata-sections -DLINKER_SUPPORTS_IOSMAC   -Wl,-allow-shlib-undefined -Wl,-iosmac_version_min,12.0  CMakeFiles/cmTC_e7e06.dir/src.cxx.o  -o cmTC_e7e06  -lm 
/usr/bin/ld: unrecognised option: -iosmac_version_min
collect2: error: ld returned 1 exit status
make[1]: *** [CMakeFiles/cmTC_e7e06.dir/build.make:87: cmTC_e7e06] Error 1
make[1]: Leaving directory '/home/growtopiajaw/Desktop/apple-libtapi-master/build/CMakeFiles/CMakeTmp'
make: *** [Makefile:121: cmTC_e7e06/fast] Error 2


Source file was:
int main() { return 0; }
Performing C SOURCE FILE Test SDK_SUPPORTS_I386 failed with the following output:
Change Dir: /home/growtopiajaw/Desktop/apple-libtapi-master/build/CMakeFiles/CMakeTmp

Run Build Command(s):/usr/bin/make cmTC_92e1f/fast && /usr/bin/make -f CMakeFiles/cmTC_92e1f.dir/build.make CMakeFiles/cmTC_92e1f.dir/build
make[1]: Entering directory '/home/growtopiajaw/Desktop/apple-libtapi-master/build/CMakeFiles/CMakeTmp'
Building C object CMakeFiles/cmTC_92e1f.dir/src.c.o
/usr/bin/cc   -fPIC -Werror=date-time -Wall -Wextra -Wno-unused-parameter -Wwrite-strings -Wno-missing-field-initializers -pedantic -Wno-long-long -Wimplicit-fallthrough -Wno-comment -ffunction-sections -fdata-sections -DSDK_SUPPORTS_I386 -arch i386   -o CMakeFiles/cmTC_92e1f.dir/src.c.o   -c /home/growtopiajaw/Desktop/apple-libtapi-master/build/CMakeFiles/CMakeTmp/src.c
cc: error: i386: No such file or directory
cc: error: unrecognized command line option '-arch'
make[1]: *** [CMakeFiles/cmTC_92e1f.dir/build.make:66: CMakeFiles/cmTC_92e1f.dir/src.c.o] Error 1
make[1]: Leaving directory '/home/growtopiajaw/Desktop/apple-libtapi-master/build/CMakeFiles/CMakeTmp'
make: *** [Makefile:121: cmTC_92e1f/fast] Error 2


Source file was:
int main(void) { return 0; }
Performing C++ SOURCE FILE Test HAVE_CXX_FLAG_WSHORTEN_64_TO_32 failed with the following output:
Change Dir: /home/growtopiajaw/Desktop/apple-libtapi-master/build/CMakeFiles/CMakeTmp

Run Build Command(s):/usr/bin/make cmTC_c13e2/fast && /usr/bin/make -f CMakeFiles/cmTC_c13e2.dir/build.make CMakeFiles/cmTC_c13e2.dir/build
make[1]: Entering directory '/home/growtopiajaw/Desktop/apple-libtapi-master/build/CMakeFiles/CMakeTmp'
Building CXX object CMakeFiles/cmTC_c13e2.dir/src.cxx.o
/usr/bin/c++    -I /home/growtopiajaw/Desktop/apple-libtapi-master/build/../src/llvm/projects/clang/include -I /home/growtopiajaw/Desktop/apple-libtapi-master/build/projects/clang/include -fPIC -fvisibility-inlines-hidden -Werror=date-time -std=c++11 -Wall -Wextra -Wno-unused-parameter -Wwrite-strings -Wcast-qual -Wno-missing-field-initializers -pedantic -Wno-long-long -Wimplicit-fallthrough -Wno-maybe-uninitialized -Wno-class-memaccess -Wno-noexcept-type -Wdelete-non-virtual-dtor -Wno-comment -ffunction-sections -fdata-sections  -std=c++11  -Wall  -Wextra  -Wshadow  -pedantic  -pedantic-errors -DHAVE_CXX_FLAG_WSHORTEN_64_TO_32  -Wshorten-64-to-32   -Wshorten-64-to-32 -o CMakeFiles/cmTC_c13e2.dir/src.cxx.o -c /home/growtopiajaw/Desktop/apple-libtapi-master/build/CMakeFiles/CMakeTmp/src.cxx
c++: error: unrecognized command line option '-Wshorten-64-to-32'
c++: error: unrecognized command line option '-Wshorten-64-to-32'
make[1]: *** [CMakeFiles/cmTC_c13e2.dir/build.make:66: CMakeFiles/cmTC_c13e2.dir/src.cxx.o] Error 1
make[1]: Leaving directory '/home/growtopiajaw/Desktop/apple-libtapi-master/build/CMakeFiles/CMakeTmp'
make: *** [Makefile:121: cmTC_c13e2/fast] Error 2


Source file was:
int main() { return 0; }
Performing C++ SOURCE FILE Test HAVE_CXX_FLAG_WD654 failed with the following output:
Change Dir: /home/growtopiajaw/Desktop/apple-libtapi-master/build/CMakeFiles/CMakeTmp

Run Build Command(s):/usr/bin/make cmTC_cd9c8/fast && /usr/bin/make -f CMakeFiles/cmTC_cd9c8.dir/build.make CMakeFiles/cmTC_cd9c8.dir/build
make[1]: Entering directory '/home/growtopiajaw/Desktop/apple-libtapi-master/build/CMakeFiles/CMakeTmp'
Building CXX object CMakeFiles/cmTC_cd9c8.dir/src.cxx.o
/usr/bin/c++    -I /home/growtopiajaw/Desktop/apple-libtapi-master/build/../src/llvm/projects/clang/include -I /home/growtopiajaw/Desktop/apple-libtapi-master/build/projects/clang/include -fPIC -fvisibility-inlines-hidden -Werror=date-time -std=c++11 -Wall -Wextra -Wno-unused-parameter -Wwrite-strings -Wcast-qual -Wno-missing-field-initializers -pedantic -Wno-long-long -Wimplicit-fallthrough -Wno-maybe-uninitialized -Wno-class-memaccess -Wno-noexcept-type -Wdelete-non-virtual-dtor -Wno-comment -ffunction-sections -fdata-sections  -std=c++11  -Wall  -Wextra  -Wshadow  -pedantic  -pedantic-errors  -Wfloat-equal  -fstrict-aliasing  -fno-exceptions  -Wstrict-aliasing -DHAVE_CXX_FLAG_WD654  -wd654   -wd654 -o CMakeFiles/cmTC_cd9c8.dir/src.cxx.o -c /home/growtopiajaw/Desktop/apple-libtapi-master/build/CMakeFiles/CMakeTmp/src.cxx
c++: error: unrecognized command line option '-wd654'
c++: error: unrecognized command line option '-wd654'
make[1]: *** [CMakeFiles/cmTC_cd9c8.dir/build.make:66: CMakeFiles/cmTC_cd9c8.dir/src.cxx.o] Error 1
make[1]: Leaving directory '/home/growtopiajaw/Desktop/apple-libtapi-master/build/CMakeFiles/CMakeTmp'
make: *** [Makefile:121: cmTC_cd9c8/fast] Error 2


Source file was:
int main() { return 0; }
Performing C++ SOURCE FILE Test HAVE_CXX_FLAG_WTHREAD_SAFETY failed with the following output:
Change Dir: /home/growtopiajaw/Desktop/apple-libtapi-master/build/CMakeFiles/CMakeTmp

Run Build Command(s):/usr/bin/make cmTC_24a2d/fast && /usr/bin/make -f CMakeFiles/cmTC_24a2d.dir/build.make CMakeFiles/cmTC_24a2d.dir/build
make[1]: Entering directory '/home/growtopiajaw/Desktop/apple-libtapi-master/build/CMakeFiles/CMakeTmp'
Building CXX object CMakeFiles/cmTC_24a2d.dir/src.cxx.o
/usr/bin/c++    -I /home/growtopiajaw/Desktop/apple-libtapi-master/build/../src/llvm/projects/clang/include -I /home/growtopiajaw/Desktop/apple-libtapi-master/build/projects/clang/include -fPIC -fvisibility-inlines-hidden -Werror=date-time -std=c++11 -Wall -Wextra -Wno-unused-parameter -Wwrite-strings -Wcast-qual -Wno-missing-field-initializers -pedantic -Wno-long-long -Wimplicit-fallthrough -Wno-maybe-uninitialized -Wno-class-memaccess -Wno-noexcept-type -Wdelete-non-virtual-dtor -Wno-comment -ffunction-sections -fdata-sections  -std=c++11  -Wall  -Wextra  -Wshadow  -pedantic  -pedantic-errors  -Wfloat-equal  -fstrict-aliasing  -fno-exceptions  -Wstrict-aliasing -DHAVE_CXX_FLAG_WTHREAD_SAFETY  -Wthread-safety   -Wthread-safety -o CMakeFiles/cmTC_24a2d.dir/src.cxx.o -c /home/growtopiajaw/Desktop/apple-libtapi-master/build/CMakeFiles/CMakeTmp/src.cxx
c++: error: unrecognized command line option '-Wthread-safety'
c++: error: unrecognized command line option '-Wthread-safety'
make[1]: *** [CMakeFiles/cmTC_24a2d.dir/build.make:66: CMakeFiles/cmTC_24a2d.dir/src.cxx.o] Error 1
make[1]: Leaving directory '/home/growtopiajaw/Desktop/apple-libtapi-master/build/CMakeFiles/CMakeTmp'
make: *** [Makefile:121: cmTC_24a2d/fast] Error 2


Source file was:
int main() { return 0; }
